2018/12/27 17:22:41 - __main__ - INFO - GetInf-×¨ÀûÊı¾İ¶ÁÈ¡³É¹¦£¡
2018/12/27 17:23:20 - __main__ - INFO - GetInf-×¨ÀûÊı¾İ¶ÁÈ¡³É¹¦£¡
2019/01/02 14:40:14 - main.GetInf - INFO - GetInf-×¨ÀûÊı¾İ¶ÁÈ¡³É¹¦£¡
2019/01/02 14:42:09 - main.GetInf - INFO - GetInf-×¨ÀûÊı¾İ¶ÁÈ¡³É¹¦£¡
2019/01/02 14:42:10 - jieba - DEBUG - __init__-Building prefix dict from the default dictionary ...
2019/01/02 14:42:12 - jieba - DEBUG - __init__-Dumping model to file cache C:\Users\LIN\AppData\Local\Temp\jieba.cache
2019/01/02 14:42:12 - jieba - DEBUG - __init__-Loading model cost 1.695 seconds.
2019/01/02 14:42:12 - jieba - DEBUG - __init__-Prefix dict has been built succesfully.
2019/01/02 14:46:59 - main.GetInf - INFO - GetInf-×¨ÀûÊı¾İ¶ÁÈ¡³É¹¦£¡
2019/01/02 14:47:00 - jieba - DEBUG - __init__-Building prefix dict from the default dictionary ...
2019/01/02 14:47:00 - jieba - DEBUG - __init__-Loading model from cache C:\Users\LIN\AppData\Local\Temp\jieba.cache
2019/01/02 14:47:01 - jieba - DEBUG - __init__-Loading model cost 1.019 seconds.
2019/01/02 14:47:01 - jieba - DEBUG - __init__-Prefix dict has been built succesfully.
2019/01/02 14:47:26 - root - INFO - Duedoc-·Ö´Ê¿ªÊ¼
2019/01/02 14:50:04 - main.GetInf - INFO - GetInf-×¨ÀûÊı¾İ¶ÁÈ¡³É¹¦£¡
2019/01/02 14:50:06 - jieba - DEBUG - __init__-Building prefix dict from the default dictionary ...
2019/01/02 14:50:06 - jieba - DEBUG - __init__-Loading model from cache C:\Users\LIN\AppData\Local\Temp\jieba.cache
2019/01/02 14:50:07 - jieba - DEBUG - __init__-Loading model cost 1.306 seconds.
2019/01/02 14:50:07 - jieba - DEBUG - __init__-Prefix dict has been built succesfully.
2019/01/02 14:50:32 - root - INFO - Duedoc-·Ö´Ê¿ªÊ¼
2019/01/02 14:55:00 - root - INFO - Duedoc-·Ö´Ê½áÊø£¡
2019/01/02 14:55:00 - root - INFO - Duedoc-¶ÁÈ¡fenciÎÄ¼ş
2019/01/02 14:56:30 - main.GetInf - INFO - GetInf-×¨ÀûÊı¾İ¶ÁÈ¡³É¹¦£¡
2019/01/02 14:56:35 - root - INFO - Duedoc-¶ÁÈ¡fenciÎÄ¼ş
2019/01/02 14:58:53 - main.GetInf - INFO - GetInf-×¨ÀûÊı¾İ¶ÁÈ¡³É¹¦£¡
2019/01/02 14:58:54 - root - INFO - Duedoc-¶ÁÈ¡fenciÎÄ¼ş
2019/01/02 15:00:53 - main.GetInf - INFO - GetInf-×¨ÀûÊı¾İ¶ÁÈ¡³É¹¦£¡
2019/01/02 15:00:54 - root - INFO - Duedoc-¶ÁÈ¡fenciÎÄ¼ş
2019/01/02 15:08:00 - main.GetInf - INFO - GetInf-×¨ÀûÊı¾İ¶ÁÈ¡³É¹¦£¡
2019/01/02 15:08:02 - root - INFO - Duedoc-¶ÁÈ¡fenciÎÄ¼ş
2019/01/02 15:09:16 - main.GetInf - INFO - GetInf-×¨ÀûÊı¾İ¶ÁÈ¡³É¹¦£¡
2019/01/02 15:09:17 - root - INFO - Duedoc-¶ÁÈ¡fenciÎÄ¼ş
2019/01/02 15:17:24 - main.GetInf - INFO - GetInf-×¨ÀûÊı¾İ¶ÁÈ¡³É¹¦£¡
2019/01/02 15:17:25 - jieba - DEBUG - __init__-Building prefix dict from the default dictionary ...
2019/01/02 15:17:25 - jieba - DEBUG - __init__-Loading model from cache C:\Users\LIN\AppData\Local\Temp\jieba.cache
2019/01/02 15:17:26 - jieba - DEBUG - __init__-Loading model cost 1.351 seconds.
2019/01/02 15:17:26 - jieba - DEBUG - __init__-Prefix dict has been built succesfully.
2019/01/02 15:17:59 - root - INFO - Duedoc-·Ö´Ê¿ªÊ¼
2019/01/02 15:22:43 - root - INFO - Duedoc-·Ö´Ê½áÊø£¡
2019/01/02 15:22:43 - root - INFO - Duedoc-¶ÁÈ¡fenciÎÄ¼ş
2019/01/02 15:23:46 - main.GetInf - INFO - GetInf-×¨ÀûÊı¾İ¶ÁÈ¡³É¹¦£¡
2019/01/02 15:23:47 - root - INFO - Duedoc-¶ÁÈ¡fenciÎÄ¼ş
2019/01/02 15:27:11 - main.GetInf - INFO - GetInf-×¨ÀûÊı¾İ¶ÁÈ¡³É¹¦£¡
2019/01/02 15:27:12 - jieba - DEBUG - __init__-Building prefix dict from the default dictionary ...
2019/01/02 15:27:12 - jieba - DEBUG - __init__-Loading model from cache C:\Users\LIN\AppData\Local\Temp\jieba.cache
2019/01/02 15:27:13 - jieba - DEBUG - __init__-Loading model cost 1.098 seconds.
2019/01/02 15:27:13 - jieba - DEBUG - __init__-Prefix dict has been built succesfully.
2019/01/02 15:27:36 - root - INFO - Duedoc-·Ö´Ê¿ªÊ¼
2019/01/02 15:28:32 - root - INFO - Duedoc-·Ö´Ê½áÊø£¡
2019/01/02 15:28:32 - root - INFO - Duedoc-¶ÁÈ¡fenciÎÄ¼ş
2019/01/02 15:33:46 - main.GetInf - INFO - GetInf-×¨ÀûÊı¾İ¶ÁÈ¡³É¹¦£¡
2019/01/02 15:33:48 - root - INFO - Duedoc-¶ÁÈ¡fenciÎÄ¼ş
2019/01/02 15:41:20 - main.GetInf - INFO - GetInf-×¨ÀûÊı¾İ¶ÁÈ¡³É¹¦£¡
2019/01/02 15:41:21 - root - INFO - Duedoc-¶ÁÈ¡fenciÎÄ¼ş
2019/01/02 15:42:33 - main.GetInf - INFO - GetInf-×¨ÀûÊı¾İ¶ÁÈ¡³É¹¦£¡
2019/01/02 15:42:34 - root - INFO - Duedoc-¶ÁÈ¡fenciÎÄ¼ş
2019/01/02 15:47:10 - main.GetInf - INFO - GetInf-×¨ÀûÊı¾İ¶ÁÈ¡³É¹¦£¡
2019/01/02 15:47:10 - root - INFO - Duedoc-¶ÁÈ¡fenciÎÄ¼ş
2019/01/02 15:48:28 - main.GetInf - INFO - GetInf-×¨ÀûÊı¾İ¶ÁÈ¡³É¹¦£¡
2019/01/02 15:48:29 - root - INFO - Duedoc-¶ÁÈ¡fenciÎÄ¼ş
2019/01/02 16:08:58 - main.Parm - INFO - Parm-×¨ÀûÊı¾İ¶ÁÈ¡³É¹¦£¡
2019/01/02 16:19:03 - main.Parm - INFO - Parm-×¨ÀûÊı¾İ¶ÁÈ¡³É¹¦£¡
2019/01/02 16:19:52 - main.Parm - INFO - Parm-×¨ÀûÊı¾İ¶ÁÈ¡³É¹¦£¡
2019/01/02 16:21:19 - main.Parm - INFO - Parm-×¨ÀûÊı¾İ¶ÁÈ¡³É¹¦£¡
2019/01/02 16:21:28 - main.Parm - INFO - Parm-×¨ÀûÊı¾İ¶ÁÈ¡³É¹¦£¡
2019/01/02 16:37:41 - main.Parm - INFO - Parm-×¨ÀûÊı¾İ¶ÁÈ¡³É¹¦£¡
2019/01/02 17:02:41 - main.Parm - INFO - Parm-×¨ÀûÊı¾İ¶ÁÈ¡³É¹¦£¡
2019/01/11 14:57:50 - root - INFO - ICTModelParallel-´´½¨Êı¾İ³É¹¦£¡
2019/01/11 14:57:50 - root - INFO - ICTModelParallel-³õÊ¼»¯Êı¾İ³É¹¦£¡
2019/01/11 15:02:08 - root - INFO - ICTModelParallel-´´½¨Êı¾İ³É¹¦£¡
2019/01/11 15:02:08 - root - INFO - ICTModelParallel-³õÊ¼»¯Êı¾İ³É¹¦£¡
2019/01/11 15:03:30 - root - INFO - ICTModelParallel-´´½¨Êı¾İ³É¹¦£¡
2019/01/11 15:03:31 - root - INFO - ICTModelParallel-³õÊ¼»¯Êı¾İ³É¹¦£¡
2019/01/11 15:10:25 - root - INFO - ICTModelParallel-´´½¨Êı¾İ³É¹¦£¡
2019/01/11 15:10:26 - root - INFO - ICTModelParallel-³õÊ¼»¯Êı¾İ³É¹¦£¡
2019/01/11 15:14:32 - root - INFO - ICTModelParallel-´´½¨Êı¾İ³É¹¦£¡
2019/01/11 15:14:32 - root - INFO - ICTModelParallel-³õÊ¼»¯Êı¾İ³É¹¦£¡
2019/01/11 15:24:04 - root - INFO - ICTModelParallel-´´½¨Êı¾İ³É¹¦£¡
2019/01/11 15:24:04 - root - INFO - ICTModelParallel-³õÊ¼»¯Êı¾İ³É¹¦£¡
2019/01/11 15:29:51 - root - INFO - ICTModelParallel-´´½¨Êı¾İ³É¹¦£¡
2019/01/11 15:29:52 - root - INFO - ICTModelParallel-³õÊ¼»¯Êı¾İ³É¹¦£¡
2019/01/11 15:36:53 - root - INFO - ICTModelParallel-´´½¨Êı¾İ³É¹¦£¡
2019/01/11 15:36:54 - root - INFO - ICTModelParallel-³õÊ¼»¯Êı¾İ³É¹¦£¡
2019/01/11 15:42:40 - root - INFO - ICTModelParallel-´´½¨Êı¾İ³É¹¦£¡
2019/01/11 15:42:41 - root - INFO - ICTModelParallel-³õÊ¼»¯Êı¾İ³É¹¦£¡
2019/01/11 16:06:20 - root - INFO - ICTModelParallel-´´½¨Êı¾İ³É¹¦£¡
2019/01/11 16:06:21 - root - INFO - ICTModelParallel-³õÊ¼»¯Êı¾İ³É¹¦£¡
2019/01/11 16:12:34 - root - INFO - ICTModelParallel-´´½¨Êı¾İ³É¹¦£¡
2019/01/11 16:12:35 - root - INFO - ICTModelParallel-³õÊ¼»¯Êı¾İ³É¹¦£¡
2019/01/11 16:13:45 - root - INFO - ICTModelParallel-²ÎÊıÎÄ¼ş¶ÁÈ¡³É¹¦
2019/01/11 16:13:45 - root - INFO - ICTModelParallel-¿ªÊ¼µü´ú
2019/01/11 16:13:59 - root - INFO - ICTModelParallel-µÚ0´Îµü´ú½á¹û±£´æÍê³É
2019/01/11 16:19:01 - root - INFO - ICTModelParallel-µÚ10´Îµü´ú½á¹û±£´æÍê³É
2019/01/17 18:02:28 - main.Parm - INFO - Parm-×¨ÀûÊı¾İ¶ÁÈ¡³É¹¦£¡
2019/02/14 21:55:03 - jieba - DEBUG - __init__-Building prefix dict from the default dictionary ...
2019/02/14 21:55:04 - jieba - DEBUG - __init__-Dumping model to file cache C:\Users\LIN\AppData\Local\Temp\jieba.cache
2019/02/14 21:55:04 - jieba - DEBUG - __init__-Loading model cost 0.918 seconds.
2019/02/14 21:55:04 - jieba - DEBUG - __init__-Prefix dict has been built succesfully.
2019/02/14 21:55:21 - root - INFO - Duedoc-·Ö´Ê¿ªÊ¼
2019/02/14 22:09:32 - root - INFO - Duedoc-·Ö´Ê½áÊø£¡
2019/02/14 22:09:32 - root - INFO - Duedoc-¶ÁÈ¡fenciÎÄ¼ş
2019/02/14 22:15:34 - jieba - DEBUG - __init__-Building prefix dict from the default dictionary ...
2019/02/14 22:15:34 - jieba - DEBUG - __init__-Loading model from cache C:\Users\LIN\AppData\Local\Temp\jieba.cache
2019/02/14 22:15:34 - jieba - DEBUG - __init__-Loading model cost 0.783 seconds.
2019/02/14 22:15:34 - jieba - DEBUG - __init__-Prefix dict has been built succesfully.
2019/02/14 22:15:52 - root - INFO - Duedoc-·Ö´Ê¿ªÊ¼
2019/02/14 22:34:25 - root - INFO - Duedoc-·Ö´Ê½áÊø£¡
2019/02/14 22:34:25 - root - INFO - Duedoc-¶ÁÈ¡fenciÎÄ¼ş
2019/02/14 22:41:40 - jieba - DEBUG - __init__-Building prefix dict from the default dictionary ...
2019/02/14 22:41:40 - jieba - DEBUG - __init__-Loading model from cache C:\Users\LIN\AppData\Local\Temp\jieba.cache
2019/02/14 22:41:42 - jieba - DEBUG - __init__-Loading model cost 1.487 seconds.
2019/02/14 22:41:42 - jieba - DEBUG - __init__-Prefix dict has been built succesfully.
2019/02/14 22:42:16 - root - INFO - Duedoc-·Ö´Ê¿ªÊ¼
2019/02/14 23:01:02 - root - INFO - Duedoc-·Ö´Ê½áÊø£¡
2019/02/14 23:01:02 - root - INFO - Duedoc-¶ÁÈ¡fenciÎÄ¼ş
2019/02/21 16:16:11 - jieba - DEBUG - __init__-Building prefix dict from the default dictionary ...
2019/02/21 16:16:12 - jieba - DEBUG - __init__-Dumping model to file cache C:\Users\LIN\AppData\Local\Temp\jieba.cache
2019/02/21 16:16:12 - jieba - DEBUG - __init__-Loading model cost 1.104 seconds.
2019/02/21 16:16:12 - jieba - DEBUG - __init__-Prefix dict has been built succesfully.
2019/02/21 16:16:34 - root - INFO - Duedoc-·Ö´Ê¿ªÊ¼
2019/02/21 16:34:57 - root - INFO - Duedoc-·Ö´Ê½áÊø£¡
2019/02/21 16:34:57 - root - INFO - Duedoc-¶ÁÈ¡fenciÎÄ¼ş
2019/02/21 16:44:00 - jieba - DEBUG - __init__-Building prefix dict from the default dictionary ...
2019/02/21 16:44:00 - jieba - DEBUG - __init__-Loading model from cache C:\Users\LIN\AppData\Local\Temp\jieba.cache
2019/02/21 16:44:01 - jieba - DEBUG - __init__-Loading model cost 0.955 seconds.
2019/02/21 16:44:01 - jieba - DEBUG - __init__-Prefix dict has been built succesfully.
2019/02/21 16:44:31 - root - INFO - Duedoc-·Ö´Ê¿ªÊ¼
2019/02/21 17:01:35 - root - INFO - Duedoc-·Ö´Ê½áÊø£¡
2019/02/21 17:01:35 - root - INFO - Duedoc-¶ÁÈ¡fenciÎÄ¼ş
2019/02/22 20:48:42 - jieba - DEBUG - __init__-Building prefix dict from the default dictionary ...
2019/02/22 20:48:42 - jieba - DEBUG - __init__-Loading model from cache /tmp/jieba.cache
2019/02/22 20:48:43 - jieba - DEBUG - __init__-Loading model cost 1.214 seconds.
2019/02/22 20:48:43 - jieba - DEBUG - __init__-Prefix dict has been built succesfully.
2019/02/22 20:49:10 - root - INFO - Duedoc-åˆ†è¯å¼€å§‹
2019/02/22 21:12:19 - root - INFO - Duedoc-åˆ†è¯ç»“æŸï¼
2019/02/22 21:12:19 - root - INFO - Duedoc-è¯»å–fenciæ–‡ä»¶
2019/02/22 21:15:34 - root - INFO - ICTModelParallel-åˆ›å»ºæ•°æ®æˆåŠŸï¼
2019/02/22 21:16:39 - root - INFO - ICTModelParallel-åˆå§‹åŒ–æ•°æ®æˆåŠŸï¼
2019/02/22 21:16:39 - root - INFO - ICTModelParallel-å¼€å§‹è¿­ä»£
2019/02/22 21:16:59 - root - INFO - ICTModelParallel-ç¬¬0æ¬¡è¿­ä»£ç»“æœä¿å­˜å®Œæˆ
2019/02/22 23:26:56 - root - INFO - ICTModelParallel-ç¬¬100æ¬¡è¿­ä»£ç»“æœä¿å­˜å®Œæˆ
2019/02/23 13:23:54 - root - INFO - ICTModelParallel-åˆ›å»ºæ•°æ®æˆåŠŸï¼
2019/02/23 13:24:59 - root - INFO - ICTModelParallel-åˆå§‹åŒ–æ•°æ®æˆåŠŸï¼
2019/02/23 13:32:34 - root - INFO - ICTModelParallel-å‚æ•°æ–‡ä»¶è¯»å–æˆåŠŸ
2019/02/23 13:32:34 - root - INFO - ICTModelParallel-å¼€å§‹è¿­ä»£
2019/02/23 15:43:43 - root - INFO - ICTModelParallel-ç¬¬200æ¬¡è¿­ä»£ç»“æœä¿å­˜å®Œæˆ
2019/02/23 17:59:43 - root - INFO - ICTModelParallel-ç¬¬300æ¬¡è¿­ä»£ç»“æœä¿å­˜å®Œæˆ
2019/02/23 20:24:43 - root - INFO - ICTModelParallel-ç¬¬400æ¬¡è¿­ä»£ç»“æœä¿å­˜å®Œæˆ
2019/02/23 22:53:34 - root - INFO - ICTModelParallel-ç¬¬500æ¬¡è¿­ä»£ç»“æœä¿å­˜å®Œæˆ
2019/02/25 10:15:27 - root - INFO - ICTModelParallel-åˆ›å»ºæ•°æ®æˆåŠŸï¼
2019/02/25 10:17:07 - root - INFO - ICTModelParallel-åˆå§‹åŒ–æ•°æ®æˆåŠŸï¼
2019/02/25 10:29:58 - root - INFO - ICTModelParallel-å‚æ•°æ–‡ä»¶è¯»å–æˆåŠŸ
2019/02/25 10:29:58 - root - INFO - ICTModelParallel-å¼€å§‹è¿­ä»£
2019/02/25 13:22:01 - root - INFO - ICTModelParallel-ç¬¬600æ¬¡è¿­ä»£ç»“æœä¿å­˜å®Œæˆ
2019/02/25 13:39:19 - root - INFO - ICTModelParallel-åˆ›å»ºæ•°æ®æˆåŠŸï¼
2019/02/25 13:40:34 - root - INFO - ICTModelParallel-åˆå§‹åŒ–æ•°æ®æˆåŠŸï¼
2019/02/25 13:48:50 - root - INFO - ICTModelParallel-å‚æ•°æ–‡ä»¶è¯»å–æˆåŠŸ
2019/02/25 13:48:50 - root - INFO - ICTModelParallel-å¼€å§‹è¿­ä»£
2019/02/25 16:13:36 - root - INFO - ICTModelParallel-ç¬¬700æ¬¡è¿­ä»£ç»“æœä¿å­˜å®Œæˆ
2019/02/25 18:26:45 - root - INFO - ICTModelParallel-åˆ›å»ºæ•°æ®æˆåŠŸï¼
2019/02/25 18:28:12 - root - INFO - ICTModelParallel-åˆå§‹åŒ–æ•°æ®æˆåŠŸï¼
2019/02/25 18:36:26 - root - INFO - ICTModelParallel-åˆ›å»ºæ•°æ®æˆåŠŸï¼
2019/02/25 18:37:32 - root - INFO - ICTModelParallel-åˆå§‹åŒ–æ•°æ®æˆåŠŸï¼
2019/02/25 18:44:31 - root - INFO - ICTModelParallel-å‚æ•°æ–‡ä»¶è¯»å–æˆåŠŸ
2019/02/25 18:44:32 - root - INFO - ICTModelParallel-å¼€å§‹è¿­ä»£
2019/02/25 21:08:40 - root - INFO - ICTModelParallel-ç¬¬800æ¬¡è¿­ä»£ç»“æœä¿å­˜å®Œæˆ
2019/02/25 23:57:21 - root - INFO - ICTModelParallel-ç¬¬900æ¬¡è¿­ä»£ç»“æœä¿å­˜å®Œæˆ
2019/02/26 09:39:24 - root - INFO - ICTModelParallel-åˆ›å»ºæ•°æ®æˆåŠŸï¼
2019/02/26 09:40:40 - root - INFO - ICTModelParallel-åˆå§‹åŒ–æ•°æ®æˆåŠŸï¼
2019/02/26 09:54:25 - root - INFO - ICTModelParallel-å‚æ•°æ–‡ä»¶è¯»å–æˆåŠŸ
2019/02/26 09:54:26 - root - INFO - ICTModelParallel-å¼€å§‹è¿­ä»£
2019/02/26 12:51:29 - root - INFO - ICTModelParallel-ç¬¬1000æ¬¡è¿­ä»£ç»“æœä¿å­˜å®Œæˆ
2019/02/26 12:51:30 - root - INFO - ICTModelParallel-thetaè®¡ç®—å®Œæˆ
2019/02/26 12:51:34 - root - INFO - ICTModelParallel-phiè®¡ç®—å®Œæˆ
2019/02/26 12:51:34 - root - INFO - ICTModelParallel-psiè®¡ç®—å®Œæˆ
2019/02/26 12:51:37 - root - INFO - ICTModelParallel-tauè®¡ç®—å®Œæˆ
2019/02/26 12:53:34 - root - INFO - ICTModelParallel-ç»“æœä¿å­˜å®Œæˆ
2019/02/26 14:13:23 - jieba - DEBUG - __init__-Building prefix dict from the default dictionary ...
2019/02/26 14:13:23 - jieba - DEBUG - __init__-Loading model from cache /tmp/jieba.cache
2019/02/26 14:13:24 - jieba - DEBUG - __init__-Loading model cost 1.185 seconds.
2019/02/26 14:13:24 - jieba - DEBUG - __init__-Prefix dict has been built succesfully.
2019/02/26 14:13:54 - root - INFO - Duedoc-åˆ†è¯å¼€å§‹
2019/02/26 14:35:27 - main.Duedoc - ERROR - Duedoc-åˆ†è¯è¿‡ç¨‹é”™è¯¯ï¼
Traceback (most recent call last):
  File "/home/chenjialin/ICT/Model/Duedoc.py", line 70, in due
    with open(self.parm.ResultFile + '/WordResult/fenci.json', 'w', encoding='utf-8') as fencifile:
AttributeError: 'Parm' object has no attribute 'ResultFile'
2019/02/26 14:35:27 - root - INFO - Duedoc-è¯»å–fenciæ–‡ä»¶
2019/02/26 14:44:18 - jieba - DEBUG - __init__-Building prefix dict from the default dictionary ...
2019/02/26 14:44:18 - jieba - DEBUG - __init__-Loading model from cache /tmp/jieba.cache
2019/02/26 14:44:19 - jieba - DEBUG - __init__-Loading model cost 1.137 seconds.
2019/02/26 14:44:19 - jieba - DEBUG - __init__-Prefix dict has been built succesfully.
2019/02/26 14:44:44 - root - INFO - Duedoc-åˆ†è¯å¼€å§‹
2019/02/26 15:05:40 - root - INFO - Duedoc-åˆ†è¯ç»“æŸï¼
2019/02/26 15:05:40 - root - INFO - Duedoc-è¯»å–fenciæ–‡ä»¶
2019/02/26 15:08:44 - root - INFO - ICTModelParallel-åˆ›å»ºæ•°æ®æˆåŠŸï¼
2019/02/26 15:09:48 - root - INFO - ICTModelParallel-åˆå§‹åŒ–æ•°æ®æˆåŠŸï¼
2019/02/26 15:09:48 - root - INFO - ICTModelParallel-å¼€å§‹è¿­ä»£
2019/02/26 15:10:08 - root - INFO - ICTModelParallel-ç¬¬0æ¬¡è¿­ä»£ç»“æœä¿å­˜å®Œæˆ
2019/02/26 17:01:37 - root - INFO - ICTModelParallel-ç¬¬100æ¬¡è¿­ä»£ç»“æœä¿å­˜å®Œæˆ
2019/02/26 17:53:25 - root - INFO - ICTModelParallel-åˆ›å»ºæ•°æ®æˆåŠŸï¼
2019/02/26 17:54:40 - root - INFO - ICTModelParallel-åˆå§‹åŒ–æ•°æ®æˆåŠŸï¼
2019/02/26 18:02:14 - root - INFO - ICTModelParallel-å‚æ•°æ–‡ä»¶è¯»å–æˆåŠŸ
2019/02/26 18:02:14 - root - INFO - ICTModelParallel-å¼€å§‹è¿­ä»£
2019/02/26 23:52:16 - root - INFO - ICTModelParallel-åˆ›å»ºæ•°æ®æˆåŠŸï¼
2019/02/26 23:53:20 - root - INFO - ICTModelParallel-åˆå§‹åŒ–æ•°æ®æˆåŠŸï¼
2019/02/26 23:59:57 - root - INFO - ICTModelParallel-å‚æ•°æ–‡ä»¶è¯»å–æˆåŠŸ
2019/02/26 23:59:57 - root - INFO - ICTModelParallel-å¼€å§‹è¿­ä»£
2019/02/27 01:59:31 - root - INFO - ICTModelParallel-ç¬¬200æ¬¡è¿­ä»£ç»“æœä¿å­˜å®Œæˆ
2019/02/27 10:11:47 - root - INFO - ICTModelParallel-åˆ›å»ºæ•°æ®æˆåŠŸï¼
2019/02/27 10:12:51 - root - INFO - ICTModelParallel-åˆå§‹åŒ–æ•°æ®æˆåŠŸï¼
2019/02/27 10:19:35 - root - INFO - ICTModelParallel-å‚æ•°æ–‡ä»¶è¯»å–æˆåŠŸ
2019/02/27 10:19:35 - root - INFO - ICTModelParallel-å¼€å§‹è¿­ä»£
2019/02/27 11:56:41 - root - INFO - ICTModelParallel-ç¬¬300æ¬¡è¿­ä»£ç»“æœä¿å­˜å®Œæˆ
2019/02/27 13:38:16 - root - INFO - ICTModelParallel-ç¬¬400æ¬¡è¿­ä»£ç»“æœä¿å­˜å®Œæˆ
2019/02/27 15:22:52 - root - INFO - ICTModelParallel-ç¬¬500æ¬¡è¿­ä»£ç»“æœä¿å­˜å®Œæˆ
2019/02/27 17:13:37 - root - INFO - ICTModelParallel-ç¬¬600æ¬¡è¿­ä»£ç»“æœä¿å­˜å®Œæˆ
2019/02/27 19:00:02 - root - INFO - ICTModelParallel-ç¬¬700æ¬¡è¿­ä»£ç»“æœä¿å­˜å®Œæˆ
2019/02/27 20:39:37 - root - INFO - ICTModelParallel-ç¬¬800æ¬¡è¿­ä»£ç»“æœä¿å­˜å®Œæˆ
2019/02/27 22:15:33 - root - INFO - ICTModelParallel-ç¬¬900æ¬¡è¿­ä»£ç»“æœä¿å­˜å®Œæˆ
2019/02/27 23:58:28 - root - INFO - ICTModelParallel-ç¬¬1000æ¬¡è¿­ä»£ç»“æœä¿å­˜å®Œæˆ
2019/02/27 23:58:29 - root - INFO - ICTModelParallel-thetaè®¡ç®—å®Œæˆ
2019/02/27 23:58:31 - root - INFO - ICTModelParallel-phiè®¡ç®—å®Œæˆ
2019/02/27 23:58:31 - root - INFO - ICTModelParallel-psiè®¡ç®—å®Œæˆ
2019/02/27 23:58:33 - root - INFO - ICTModelParallel-tauè®¡ç®—å®Œæˆ
2019/02/28 00:00:16 - root - INFO - ICTModelParallel-ç»“æœä¿å­˜å®Œæˆ
2019/02/28 10:32:38 - jieba - DEBUG - __init__-Building prefix dict from the default dictionary ...
2019/02/28 10:32:38 - jieba - DEBUG - __init__-Loading model from cache /tmp/jieba.cache
2019/02/28 10:32:39 - jieba - DEBUG - __init__-Loading model cost 1.078 seconds.
2019/02/28 10:32:39 - jieba - DEBUG - __init__-Prefix dict has been built succesfully.
2019/02/28 10:33:05 - root - INFO - Duedoc-åˆ†è¯å¼€å§‹
2019/02/28 10:56:47 - jieba - DEBUG - __init__-Building prefix dict from the default dictionary ...
2019/02/28 10:56:47 - jieba - DEBUG - __init__-Loading model from cache /tmp/jieba.cache
2019/02/28 10:56:48 - jieba - DEBUG - __init__-Loading model cost 1.259 seconds.
2019/02/28 10:56:48 - jieba - DEBUG - __init__-Prefix dict has been built succesfully.
2019/02/28 10:57:27 - root - INFO - Duedoc-åˆ†è¯å¼€å§‹
2019/02/28 11:19:24 - root - INFO - Duedoc-åˆ†è¯ç»“æŸï¼
2019/02/28 11:19:24 - root - INFO - Duedoc-è¯»å–fenciæ–‡ä»¶
2019/02/28 11:24:00 - root - INFO - ICTModelParallel-åˆ›å»ºæ•°æ®æˆåŠŸï¼
2019/02/28 11:25:11 - root - INFO - ICTModelParallel-åˆå§‹åŒ–æ•°æ®æˆåŠŸï¼
2019/02/28 11:25:11 - root - INFO - ICTModelParallel-å¼€å§‹è¿­ä»£
2019/02/28 11:25:36 - root - INFO - ICTModelParallel-ç¬¬0æ¬¡è¿­ä»£ç»“æœä¿å­˜å®Œæˆ
2019/02/28 15:00:07 - root - INFO - ICTModelParallel-ç¬¬100æ¬¡è¿­ä»£ç»“æœä¿å­˜å®Œæˆ
2019/02/28 17:43:31 - jieba - DEBUG - __init__-Building prefix dict from the default dictionary ...
2019/02/28 17:43:31 - jieba - DEBUG - __init__-Loading model from cache /tmp/jieba.cache
2019/02/28 17:43:33 - jieba - DEBUG - __init__-Loading model cost 1.129 seconds.
2019/02/28 17:43:33 - jieba - DEBUG - __init__-Prefix dict has been built succesfully.
2019/02/28 17:44:02 - root - INFO - Duedoc-åˆ†è¯å¼€å§‹
2019/02/28 18:51:44 - root - INFO - Duedoc-åˆ†è¯ç»“æŸï¼
2019/02/28 18:51:44 - root - INFO - Duedoc-è¯»å–fenciæ–‡ä»¶
2019/02/28 18:53:44 - root - INFO - ICTModelParallel-åˆ›å»ºæ•°æ®æˆåŠŸï¼
2019/02/28 18:53:47 - root - INFO - ICTModelParallel-åˆå§‹åŒ–æ•°æ®æˆåŠŸï¼
2019/02/28 18:53:47 - root - INFO - ICTModelParallel-å¼€å§‹è¿­ä»£
2019/02/28 18:53:53 - root - INFO - ICTModelParallel-ç¬¬0æ¬¡è¿­ä»£ç»“æœä¿å­˜å®Œæˆ
2019/02/28 19:04:09 - root - INFO - ICTModelParallel-ç¬¬100æ¬¡è¿­ä»£ç»“æœä¿å­˜å®Œæˆ
2019/02/28 19:14:45 - root - INFO - ICTModelParallel-ç¬¬200æ¬¡è¿­ä»£ç»“æœä¿å­˜å®Œæˆ
2019/02/28 19:26:32 - root - INFO - ICTModelParallel-ç¬¬300æ¬¡è¿­ä»£ç»“æœä¿å­˜å®Œæˆ
2019/02/28 19:37:58 - root - INFO - ICTModelParallel-ç¬¬400æ¬¡è¿­ä»£ç»“æœä¿å­˜å®Œæˆ
2019/02/28 19:49:45 - root - INFO - ICTModelParallel-ç¬¬500æ¬¡è¿­ä»£ç»“æœä¿å­˜å®Œæˆ
2019/02/28 20:02:34 - root - INFO - ICTModelParallel-ç¬¬600æ¬¡è¿­ä»£ç»“æœä¿å­˜å®Œæˆ
2019/02/28 20:13:15 - root - INFO - ICTModelParallel-ç¬¬700æ¬¡è¿­ä»£ç»“æœä¿å­˜å®Œæˆ
2019/02/28 20:24:09 - root - INFO - ICTModelParallel-ç¬¬800æ¬¡è¿­ä»£ç»“æœä¿å­˜å®Œæˆ
2019/02/28 20:36:17 - root - INFO - ICTModelParallel-ç¬¬900æ¬¡è¿­ä»£ç»“æœä¿å­˜å®Œæˆ
2019/02/28 20:48:22 - root - INFO - ICTModelParallel-ç¬¬1000æ¬¡è¿­ä»£ç»“æœä¿å­˜å®Œæˆ
2019/02/28 20:48:23 - root - INFO - ICTModelParallel-thetaè®¡ç®—å®Œæˆ
2019/02/28 20:48:24 - root - INFO - ICTModelParallel-phiè®¡ç®—å®Œæˆ
2019/02/28 20:48:25 - root - INFO - ICTModelParallel-psiè®¡ç®—å®Œæˆ
2019/02/28 20:48:28 - root - INFO - ICTModelParallel-tauè®¡ç®—å®Œæˆ
2019/02/28 20:48:51 - root - INFO - ICTModelParallel-ç»“æœä¿å­˜å®Œæˆ
2019/03/01 09:20:13 - jieba - DEBUG - __init__-Building prefix dict from the default dictionary ...
2019/03/01 09:20:13 - jieba - DEBUG - __init__-Loading model from cache /tmp/jieba.cache
2019/03/01 09:20:14 - jieba - DEBUG - __init__-Loading model cost 1.183 seconds.
2019/03/01 09:20:14 - jieba - DEBUG - __init__-Prefix dict has been built succesfully.
2019/03/01 09:20:45 - root - INFO - Duedoc-åˆ†è¯å¼€å§‹
2019/03/01 10:32:43 - jieba - DEBUG - __init__-Building prefix dict from the default dictionary ...
2019/03/01 10:32:43 - jieba - DEBUG - __init__-Loading model from cache /tmp/jieba.cache
2019/03/01 10:32:44 - jieba - DEBUG - __init__-Loading model cost 1.165 seconds.
2019/03/01 10:32:44 - jieba - DEBUG - __init__-Prefix dict has been built succesfully.
2019/03/01 10:33:13 - root - INFO - Duedoc-åˆ†è¯å¼€å§‹
2019/03/01 11:40:29 - root - INFO - Duedoc-åˆ†è¯ç»“æŸï¼
2019/03/01 11:40:29 - root - INFO - Duedoc-è¯»å–fenciæ–‡ä»¶
2019/03/01 11:42:33 - root - INFO - ICTModelParallel-åˆ›å»ºæ•°æ®æˆåŠŸï¼
2019/03/01 11:42:37 - root - INFO - ICTModelParallel-åˆå§‹åŒ–æ•°æ®æˆåŠŸï¼
2019/03/01 11:42:37 - root - INFO - ICTModelParallel-å¼€å§‹è¿­ä»£
2019/03/01 11:42:46 - root - INFO - ICTModelParallel-ç¬¬0æ¬¡è¿­ä»£ç»“æœä¿å­˜å®Œæˆ
2019/03/01 12:03:54 - root - INFO - ICTModelParallel-ç¬¬100æ¬¡è¿­ä»£ç»“æœä¿å­˜å®Œæˆ
2019/03/01 12:12:50 - jieba - DEBUG - __init__-Building prefix dict from the default dictionary ...
2019/03/01 12:12:52 - jieba - DEBUG - __init__-Dumping model to file cache C:\Users\LIN\AppData\Local\Temp\jieba.cache
2019/03/01 12:12:52 - jieba - DEBUG - __init__-Loading model cost 1.688 seconds.
2019/03/01 12:12:52 - jieba - DEBUG - __init__-Prefix dict has been built succesfully.
2019/03/01 12:16:44 - jieba - DEBUG - __init__-Building prefix dict from the default dictionary ...
2019/03/01 12:16:44 - jieba - DEBUG - __init__-Loading model from cache C:\Users\LIN\AppData\Local\Temp\jieba.cache
2019/03/01 12:16:45 - jieba - DEBUG - __init__-Loading model cost 0.844 seconds.
2019/03/01 12:16:45 - jieba - DEBUG - __init__-Prefix dict has been built succesfully.
2019/03/01 12:19:46 - jieba - DEBUG - __init__-Building prefix dict from the default dictionary ...
2019/03/01 12:19:46 - jieba - DEBUG - __init__-Loading model from cache C:\Users\LIN\AppData\Local\Temp\jieba.cache
2019/03/01 12:19:47 - jieba - DEBUG - __init__-Loading model cost 0.907 seconds.
2019/03/01 12:19:47 - jieba - DEBUG - __init__-Prefix dict has been built succesfully.
2019/03/01 12:20:07 - root - INFO - Duedoc-·Ö´Ê¿ªÊ¼
2019/03/01 12:40:53 - root - INFO - Duedoc-·Ö´Ê½áÊø£¡
2019/03/01 12:40:53 - root - INFO - Duedoc-¶ÁÈ¡fenciÎÄ¼ş
2019/03/01 12:59:46 - jieba - DEBUG - __init__-Building prefix dict from the default dictionary ...
2019/03/01 12:59:46 - jieba - DEBUG - __init__-Loading model from cache C:\Users\LIN\AppData\Local\Temp\jieba.cache
2019/03/01 12:59:47 - jieba - DEBUG - __init__-Loading model cost 0.943 seconds.
2019/03/01 12:59:47 - jieba - DEBUG - __init__-Prefix dict has been built succesfully.
2019/03/01 13:00:11 - root - INFO - Duedoc-·Ö´Ê¿ªÊ¼
2019/03/01 13:20:02 - root - INFO - Duedoc-·Ö´Ê½áÊø£¡
2019/03/01 13:20:02 - root - INFO - Duedoc-¶ÁÈ¡fenciÎÄ¼ş
2019/03/01 13:41:07 - jieba - DEBUG - __init__-Building prefix dict from the default dictionary ...
2019/03/01 13:41:07 - jieba - DEBUG - __init__-Loading model from cache C:\Users\LIN\AppData\Local\Temp\jieba.cache
2019/03/01 13:41:08 - jieba - DEBUG - __init__-Loading model cost 1.288 seconds.
2019/03/01 13:41:08 - jieba - DEBUG - __init__-Prefix dict has been built succesfully.
2019/03/01 13:41:45 - root - INFO - Duedoc-·Ö´Ê¿ªÊ¼
2019/03/01 13:59:22 - root - INFO - Duedoc-·Ö´Ê½áÊø£¡
2019/03/01 13:59:22 - root - INFO - Duedoc-¶ÁÈ¡fenciÎÄ¼ş
2019/03/08 14:18:09 - jieba - DEBUG - __init__-Building prefix dict from the default dictionary ...
2019/03/08 14:18:10 - jieba - DEBUG - __init__-Dumping model to file cache C:\Users\LIN\AppData\Local\Temp\jieba.cache
2019/03/08 14:18:10 - jieba - DEBUG - __init__-Loading model cost 1.359 seconds.
2019/03/08 14:18:10 - jieba - DEBUG - __init__-Prefix dict has been built succesfully.
2019/03/08 14:18:37 - root - INFO - Duedoc-·Ö´Ê¿ªÊ¼
